<?xml version="1.0" encoding="UTF-8" ?>

<testsuite failures="0" time="0.269" errors="0" skipped="0" tests="1" name="BasicTest">
  <testcase classname="BasicTest" name="DonorTest" time="0.269">
      </testcase>
</testsuite>